Using pre-set license
Built from '2020.3/staging' branch; Version is '2020.3.20f1 (41c4e627c95f) revision 4310246'; Using compiler version '192528614'; Build Type 'Release'
OS: 'Windows 10 Home; OS build 22000.318; Version 2009; 64bit' Language: 'en' Physical Memory: 15776 MB
BatchMode: 1, IsHumanControllingUs: 0, StartBugReporterOnCrash: 0, Is64bit: 1, IsPro: 0

COMMAND LINE ARGUMENTS:
C:\Program Files\Unity\Hub\Editor\2020.3.20f1\Editor\Unity.exe
-adb2
-batchMode
-noUpm
-name
AssetImportWorker0
-projectPath
C:/Users/casta/OneDrive/Documents/GitHub/TAISER-UI
-logFile
Logs/AssetImportWorker0.log
-srvPort
56851
Successfully changed project path to: C:/Users/casta/OneDrive/Documents/GitHub/TAISER-UI
C:/Users/casta/OneDrive/Documents/GitHub/TAISER-UI
Using Asset Import Pipeline V2.
Refreshing native plugins compatible for Editor in 93.69 ms, found 2 plugins.
Preloading 0 native plugins for Editor in 0.00 ms.
Initialize engine version: 2020.3.20f1 (41c4e627c95f)
[Subsystems] Discovering subsystems at path C:/Program Files/Unity/Hub/Editor/2020.3.20f1/Editor/Data/Resources/UnitySubsystems
[Subsystems] Discovering subsystems at path C:/Users/casta/OneDrive/Documents/GitHub/TAISER-UI/Assets
GfxDevice: creating device client; threaded=0
Direct3D:
    Version:  Direct3D 11.0 [level 11.1]
    Renderer: NVIDIA GeForce RTX 3060 Laptop GPU (ID=0x2520)
    Vendor:   
    VRAM:     6023 MB
    Driver:   27.21.14.6589
Initialize mono
Mono path[0] = 'C:/Program Files/Unity/Hub/Editor/2020.3.20f1/Editor/Data/Managed'
Mono path[1] = 'C:/Program Files/Unity/Hub/Editor/2020.3.20f1/Editor/Data/MonoBleedingEdge/lib/mono/unityjit'
Mono config path = 'C:/Program Files/Unity/Hub/Editor/2020.3.20f1/Editor/Data/MonoBleedingEdge/etc'
Using monoOptions --debugger-agent=transport=dt_socket,embedding=1,server=y,suspend=n,address=127.0.0.1:56480
Begin MonoManager ReloadAssembly
Registering precompiled unity dll's ...
Register platform support module: C:/Program Files/Unity/Hub/Editor/2020.3.20f1/Editor/Data/PlaybackEngines/WebGLSupport/UnityEditor.WebGL.Extensions.dll
Register platform support module: C:/Program Files/Unity/Hub/Editor/2020.3.20f1/Editor/Data/PlaybackEngines/WindowsStandaloneSupport/UnityEditor.WindowsStandalone.Extensions.dll
Registered in 0.002313 seconds.
Native extension for WindowsStandalone target not found
Native extension for WebGL target not found
Refreshing native plugins compatible for Editor in 73.69 ms, found 2 plugins.
Preloading 0 native plugins for Editor in 0.00 ms.
Mono: successfully reloaded assembly
- Completed reload, in  1.564 seconds
Domain Reload Profiling:
	ReloadAssembly (1564ms)
		BeginReloadAssembly (65ms)
			ExecutionOrderSort (0ms)
			DisableScriptedObjects (0ms)
			BackupInstance (0ms)
			ReleaseScriptingObjects (0ms)
			CreateAndSetChildDomain (1ms)
		EndReloadAssembly (572ms)
			LoadAssemblies (61ms)
			RebuildTransferFunctionScriptingTraits (0ms)
			SetupTypeCache (160ms)
			ReleaseScriptCaches (0ms)
			RebuildScriptCaches (33ms)
			SetupLoadedEditorAssemblies (289ms)
				LogAssemblyErrors (0ms)
				InitializePlatformSupportModulesInManaged (7ms)
				SetLoadedEditorAssemblies (0ms)
				RefreshPlugins (74ms)
				BeforeProcessingInitializeOnLoad (19ms)
				ProcessInitializeOnLoadAttributes (117ms)
				ProcessInitializeOnLoadMethodAttributes (71ms)
				AfterProcessingInitializeOnLoad (0ms)
				EditorAssembliesLoaded (0ms)
			ExecutionOrderSort2 (0ms)
			AwakeInstancesAfterBackupRestoration (0ms)
Platform modules already initialized, skipping
Registering precompiled user dll's ...
Registered in 0.005013 seconds.
Begin MonoManager ReloadAssembly
Symbol file LoadedFromMemory is not a mono symbol file
Error: Could not load signature of Unity.UI.Builder.BuilderTextShadow:.ctor due to: Could not resolve type with token 010000e9 (from typeref, class/assembly UnityEngine.UIElements.StyleTextShadow, UnityEngine.UIElementsModule, Version=1.0.0.0, Culture=neutral, PublicKeyToken=null) assembly:UnityEngine.UIElementsModule, Version=1.0.0.0, Culture=neutral, PublicKeyToken=null type:UnityEngine.UIElements.StyleTextShadow member:(null) signature:<none>
The scripted importer 'UIElementsViewImporter' attempted to register file type '.uxml', which is handled by a native Unity importer. Registration rejected.
UnityEngine.StackTraceUtility:ExtractStackTrace ()
UnityEditor.AssetImporters.ScriptedImporter:RegisterScriptedImporters ()

[C:\buildslave\unity\build\Modules/AssetDatabase/Editor/Public/ImporterRegistry.cpp line 245]

The scripted importer 'StyleSheetImporter' attempted to register file type '.uss', which is handled by a native Unity importer. Registration rejected.
UnityEngine.StackTraceUtility:ExtractStackTrace ()
UnityEditor.AssetImporters.ScriptedImporter:RegisterScriptedImporters ()

[C:\buildslave\unity\build\Modules/AssetDatabase/Editor/Public/ImporterRegistry.cpp line 245]

The scripted importer 'ThemeStyleSheetImporter' attempted to register file type '.tss', which is handled by a native Unity importer. Registration rejected.
UnityEngine.StackTraceUtility:ExtractStackTrace ()
UnityEditor.AssetImporters.ScriptedImporter:RegisterScriptedImporters ()

[C:\buildslave\unity\build\Modules/AssetDatabase/Editor/Public/ImporterRegistry.cpp line 245]

Unloading broken assembly Library/ScriptAssemblies/UnityEditor.UIBuilderModule.dll, this assembly can cause crashes in the runtime
Native extension for WindowsStandalone target not found
Native extension for WebGL target not found
Refreshing native plugins compatible for Editor in 1.04 ms, found 2 plugins.
Preloading 0 native plugins for Editor in 0.00 ms.
ASSEMBLY OVERRIDES: * override found for Unity assembly UnityEngine.UIElementsModule.dll (override path Library/ScriptAssemblies/UnityEngine.UIElementsModule.dll)
ASSEMBLY OVERRIDES: * override found for Unity assembly UnityEditor.UIElementsModule.dll (override path Library/ScriptAssemblies/UnityEditor.UIElementsModule.dll)
System.Reflection.TargetInvocationException: Exception has been thrown by the target of an invocation. ---> UnityEngine.UnityException: The MakeClientFunc has already been registered. Registration denied.
  at UnityEngine.UIElements.DragAndDropUtility.RegisterMakeClientFunc (System.Func`1[TResult] makeClient) [0x00017] in <4c8a9874288b4fb78fa7fdbcd8065b00>:0 
  at UnityEditor.UIElements.EditorDragAndDrop.RegisterEditorClient () [0x0000a] in <1ada6c7052bb42378c5ec1bd01fc4723>:0 
  at (wrapper managed-to-native) System.Reflection.MonoMethod.InternalInvoke(System.Reflection.MonoMethod,object,object[],System.Exception&)
  at System.Reflection.MonoMethod.Invoke (System.Object obj, System.Reflection.BindingFlags invokeAttr, System.Reflection.Binder binder, System.Object[] parameters, System.Globalization.CultureInfo culture) [0x00032] in <695d1cc93cca45069c528c15c9fdd749>:0 
   --- End of inner exception stack trace ---
  at System.Reflection.MonoMethod.Invoke (System.Object obj, System.Reflection.BindingFlags invokeAttr, System.Reflection.Binder binder, System.Object[] parameters, System.Globalization.CultureInfo culture) [0x00048] in <695d1cc93cca45069c528c15c9fdd749>:0 
  at System.Reflection.MethodBase.Invoke (System.Object obj, System.Object[] parameters) [0x00000] in <695d1cc93cca45069c528c15c9fdd749>:0 
  at UnityEditor.EditorAssemblies.ProcessInitializeOnLoadMethodAttributes () [0x00047] in <83a38f5397d94e36a22efa3369c82390>:0 
UnityEngine.StackTraceUtility:ExtractStackTrace ()
UnityEngine.DebugLogHandler:LogFormat (UnityEngine.LogType,UnityEngine.Object,string,object[])
UnityEngine.Logger:Log (UnityEngine.LogType,object)
UnityEngine.Debug:LogError (object)
UnityEditor.EditorAssemblies:ProcessInitializeOnLoadMethodAttributes ()

ASSEMBLY OVERRIDES: * override found for Unity assembly UnityEngine.UIElementsModule.dll (override path Library/ScriptAssemblies/UnityEngine.UIElementsModule.dll)
ASSEMBLY OVERRIDES: * override found for Unity assembly UnityEditor.UIElementsModule.dll (override path Library/ScriptAssemblies/UnityEditor.UIElementsModule.dll)
Mono: successfully reloaded assembly
ArgumentException: An item with the same key has already been added. Key: UnityEditor.UIElements.EditorAtlasMonitorInjector
Parameter name: key
  at System.Collections.Generic.SortedList`2[TKey,TValue].Add (TKey key, TValue value) [0x00041] in <0463b2ef957545c0a51b42f372cd4fbb>:0 
  at UnityEditor.AssetPostprocessingInternal.GetTextureProcessorsHashString () [0x000a2] in <83a38f5397d94e36a22efa3369c82390>:0 
UnityEngine.DebugLogHandler:Internal_LogException(Exception, Object)
UnityEngine.DebugLogHandler:LogException(Exception, Object)
UnityEngine.Logger:LogException(Exception, Object)
UnityEngine.Debug:LogException(Exception)
UnityEditor.AssetPostprocessingInternal:GetTextureProcessorsHashString()

- Completed reload, in  1.630 seconds
Domain Reload Profiling:
	ReloadAssembly (1632ms)
		BeginReloadAssembly (319ms)
			ExecutionOrderSort (0ms)
			DisableScriptedObjects (5ms)
			BackupInstance (0ms)
			ReleaseScriptingObjects (0ms)
			CreateAndSetChildDomain (22ms)
		EndReloadAssembly (1244ms)
			LoadAssemblies (112ms)
			RebuildTransferFunctionScriptingTraits (0ms)
			SetupTypeCache (317ms)
			ReleaseScriptCaches (1ms)
			RebuildScriptCaches (55ms)
			SetupLoadedEditorAssemblies (627ms)
				LogAssemblyErrors (0ms)
				InitializePlatformSupportModulesInManaged (8ms)
				SetLoadedEditorAssemblies (1ms)
				RefreshPlugins (1ms)
				BeforeProcessingInitializeOnLoad (135ms)
				ProcessInitializeOnLoadAttributes (417ms)
				ProcessInitializeOnLoadMethodAttributes (59ms)
				AfterProcessingInitializeOnLoad (7ms)
				EditorAssembliesLoaded (0ms)
			ExecutionOrderSort2 (0ms)
			AwakeInstancesAfterBackupRestoration (8ms)
Platform modules already initialized, skipping
========================================================================
Worker process is ready to serve import requests
Launched and connected shader compiler UnityShaderCompiler.exe after 0.05 seconds
Refreshing native plugins compatible for Editor in 1.81 ms, found 2 plugins.
Preloading 0 native plugins for Editor in 0.00 ms.
Unloading 2631 Unused Serialized files (Serialized files now loaded: 0)
System memory in use before: 106.9 MB.
System memory in use after: 107.1 MB.

Unloading 58 unused Assets to reduce memory usage. Loaded Objects now: 3035.
Total: 8.161400 ms (FindLiveObjects: 0.300800 ms CreateObjectMapping: 0.119000 ms MarkObjects: 7.617200 ms  DeleteObjects: 0.123300 ms)

AssetImportParameters requested are different than current active one (requested -> active):
  custom:framework-win-MediaFoundation: 216162199b28c13a410421893ffa2e32 -> 
  custom:video-decoder-ogg-theora: a1e56fd34408186e4bbccfd4996cb3dc -> 
  custom:container-muxer-webm: aa71ff27fc2769a1b78a27578f13a17b -> 
  custom:container-demuxer-webm: 4f35f7cbe854078d1ac9338744f61a02 -> 
  custom:container-demuxer-ogg: 62fdf1f143b41e24485cea50d1cbac27 -> 
  custom:video-encoder-webm-vp8: eb34c28f22e8b96e1ab97ce403110664 -> 
  custom:video-codec-MediaFoundation-h265: 746d11721c4dcdbdad8f713fa42b33f4 -> 
  custom:video-decoder-webm-vp8: 9c59270c3fd7afecdb556c50c9e8de78 -> 
  custom:audio-decoder-ogg-vorbis: bf7c407c2cedff20999df2af8eb42d56 -> 
  custom:audio-encoder-webm-vorbis: bf7c407c2cedff20999df2af8eb42d56 -> 
========================================================================
Received Import Request.
  path: Assets/Scenes/SampleScene.unity
  artifactKey: Guid(202b88fa1263d4a468286c5383959ee6) Importer(815301076,1909f56bfc062723c751e8b465ee728b)
Start importing Assets/Scenes/SampleScene.unity using Guid(202b88fa1263d4a468286c5383959ee6) Importer(815301076,1909f56bfc062723c751e8b465ee728b)  -> (artifact id: 'ba1d8e26bbe006bad8e7dd32f4f101eb') in 0.026123 seconds 
  Import took 0.031482 seconds .

========================================================================
Received Import Request.
  Time since last request: 0.000227 seconds.
  path: Assets/Scenes
  artifactKey: Guid(887148365c972d94abd4133463cc3e2c) Importer(815301076,1909f56bfc062723c751e8b465ee728b)
Start importing Assets/Scenes using Guid(887148365c972d94abd4133463cc3e2c) Importer(815301076,1909f56bfc062723c751e8b465ee728b)  -> (artifact id: '514bcb649967f89d358281e8eb9c207c') in 0.008878 seconds 
  Import took 0.014152 seconds .

========================================================================
Received Import Request.
  Time since last request: 5.039899 seconds.
  path: Assets/Scenes/Lobby UI.unity
  artifactKey: Guid(202b88fa1263d4a468286c5383959ee6) Importer(815301076,1909f56bfc062723c751e8b465ee728b)
Start importing Assets/Scenes/Lobby UI.unity using Guid(202b88fa1263d4a468286c5383959ee6) Importer(815301076,1909f56bfc062723c751e8b465ee728b)  -> (artifact id: '8b95c666afcb4ac91d377d1bd1616577') in 0.013113 seconds 
  Import took 0.020955 seconds .

========================================================================
Received Import Request.
  Time since last request: 19.043670 seconds.
  path: Assets
  artifactKey: Guid(00000000000000001000000000000000) Importer(815301076,1909f56bfc062723c751e8b465ee728b)
Start importing Assets using Guid(00000000000000001000000000000000) Importer(815301076,1909f56bfc062723c751e8b465ee728b)  -> (artifact id: '42d402b061de3733987d63b9cc3b64de') in 0.010670 seconds 
  Import took 0.015850 seconds .

========================================================================
Received Import Request.
  Time since last request: 175.362874 seconds.
  path: Assets/LobbyUI.uxml
  artifactKey: Guid(45cb075e14a0f964a884e139f6830bc0) Importer(815301076,1909f56bfc062723c751e8b465ee728b)
Start importing Assets/LobbyUI.uxml using Guid(45cb075e14a0f964a884e139f6830bc0) Importer(815301076,1909f56bfc062723c751e8b465ee728b) Diagnostics callstack to track who triggered the sub-import:
0x00007ff7325e66b2 (Unity) ImporterAssetResolver::ResolveAsset
0x00007ff7325b1cd2 (Unity) ResolveArtifactV2
0x00007ff7325d1690 (Unity) ImportToObjects
0x00007ff7325d0a98 (Unity) ImportAsset
0x00007ff7325327f8 (Unity) AssetImportWorker::Import
0x00007ff732585b8a (Unity) <lambda_7448d646502792db0127dc89657ec83e>::operator()
0x00007ff73262a262 (Unity) asio::detail::completion_handler<core::mutable_function<void __cdecl(void)> >::do_complete
0x00007ff73262c3c0 (Unity) asio::detail::win_iocp_io_service::do_one
0x00007ff73262fb4e (Unity) asio::io_service::run
0x00007ff7325b29eb (Unity) RunAssetImportWorkerClientV2
0x00007ff7325b2a40 (Unity) RunAssetImporterV2
0x00007ff731a76616 (Unity) Application::InitializeProject
0x00007ff732421b22 (Unity) WinMain
0x00007ff7342792b6 (Unity) __scrt_common_main_seh
0x00007ffbd2fb54e0 (KERNEL32) BaseThreadInitThunk
0x00007ffbd414485b (ntdll) RtlUserThreadStart

Requesting import of Guid(45cb075e14a0f964a884e139f6830bc0) Importer(-1,00000000000000000000000000000000), Assets/LobbyUI.uxml from editor
Resuming Guid(45cb075e14a0f964a884e139f6830bc0) Importer(-1,00000000000000000000000000000000) -> 2b368e7eddd93e8d376a3e0649776dba 
Assertion failed on expression: 'state.state == kUpToDate'
Assertion failed on expression: 'state.artifactID == result'
Diagnostics callstack to track who triggered the sub-import:
0x00007ff7325e66b2 (Unity) ImporterAssetResolver::ResolveAsset
0x00007ff7325b1cd2 (Unity) ResolveArtifactV2
0x00007ff7325a8a91 (Unity) ProduceArtifactV2
0x00007ff7324f77be (Unity) AssetDatabase::ProduceArtifact
0x00007ff7324dc968 (Unity) PreviewImporter::GenerateAssetData
0x00007ff7325d1a59 (Unity) ImportToObjects
0x00007ff7325d0a98 (Unity) ImportAsset
0x00007ff7325327f8 (Unity) AssetImportWorker::Import
0x00007ff732585b8a (Unity) <lambda_7448d646502792db0127dc89657ec83e>::operator()
0x00007ff73262a262 (Unity) asio::detail::completion_handler<core::mutable_function<void __cdecl(void)> >::do_complete
0x00007ff73262c3c0 (Unity) asio::detail::win_iocp_io_service::do_one
0x00007ff73262fb4e (Unity) asio::io_service::run
0x00007ff7325b29eb (Unity) RunAssetImportWorkerClientV2
0x00007ff7325b2a40 (Unity) RunAssetImporterV2
0x00007ff731a76616 (Unity) Application::InitializeProject
0x00007ff732421b22 (Unity) WinMain
0x00007ff7342792b6 (Unity) __scrt_common_main_seh
0x00007ffbd2fb54e0 (KERNEL32) BaseThreadInitThunk
0x00007ffbd414485b (ntdll) RtlUserThreadStart

Requesting import of Guid(45cb075e14a0f964a884e139f6830bc0) Importer(-1,00000000000000000000000000000000), Assets/LobbyUI.uxml from editor
Resuming Guid(45cb075e14a0f964a884e139f6830bc0) Importer(-1,00000000000000000000000000000000) -> 2b368e7eddd93e8d376a3e0649776dba 
Assertion failed on expression: 'state.state == kUpToDate'
Assertion failed on expression: 'state.artifactID == result'
 -> (artifact id: '98d7b06b45f02dcc0a0291b5c89371de') in 1.646691 seconds 
  Import took 1.653931 seconds .

========================================================================
Received Import Request.
  Time since last request: 61.032618 seconds.
  path: Assets/LobbyUI.uxml
  artifactKey: Guid(45cb075e14a0f964a884e139f6830bc0) Importer(815301076,1909f56bfc062723c751e8b465ee728b)
Start importing Assets/LobbyUI.uxml using Guid(45cb075e14a0f964a884e139f6830bc0) Importer(815301076,1909f56bfc062723c751e8b465ee728b) Diagnostics callstack to track who triggered the sub-import:
0x00007ff7325e66b2 (Unity) ImporterAssetResolver::ResolveAsset
0x00007ff7325b1cd2 (Unity) ResolveArtifactV2
0x00007ff7325d1690 (Unity) ImportToObjects
0x00007ff7325d0a98 (Unity) ImportAsset
0x00007ff7325327f8 (Unity) AssetImportWorker::Import
0x00007ff732585b8a (Unity) <lambda_7448d646502792db0127dc89657ec83e>::operator()
0x00007ff73262a262 (Unity) asio::detail::completion_handler<core::mutable_function<void __cdecl(void)> >::do_complete
0x00007ff73262c3c0 (Unity) asio::detail::win_iocp_io_service::do_one
0x00007ff73262fb4e (Unity) asio::io_service::run
0x00007ff7325b29eb (Unity) RunAssetImportWorkerClientV2
0x00007ff7325b2a40 (Unity) RunAssetImporterV2
0x00007ff731a76616 (Unity) Application::InitializeProject
0x00007ff732421b22 (Unity) WinMain
0x00007ff7342792b6 (Unity) __scrt_common_main_seh
0x00007ffbd2fb54e0 (KERNEL32) BaseThreadInitThunk
0x00007ffbd414485b (ntdll) RtlUserThreadStart

Requesting import of Guid(45cb075e14a0f964a884e139f6830bc0) Importer(-1,00000000000000000000000000000000), Assets/LobbyUI.uxml from editor
Resuming Guid(45cb075e14a0f964a884e139f6830bc0) Importer(-1,00000000000000000000000000000000) -> 2b368e7eddd93e8d376a3e0649776dba 
Assertion failed on expression: 'state.state == kUpToDate'
Assertion failed on expression: 'state.artifactID == result'
Diagnostics callstack to track who triggered the sub-import:
0x00007ff7325e66b2 (Unity) ImporterAssetResolver::ResolveAsset
0x00007ff7325b1cd2 (Unity) ResolveArtifactV2
0x00007ff7325a8a91 (Unity) ProduceArtifactV2
0x00007ff7324f77be (Unity) AssetDatabase::ProduceArtifact
0x00007ff7324dc968 (Unity) PreviewImporter::GenerateAssetData
0x00007ff7325d1a59 (Unity) ImportToObjects
0x00007ff7325d0a98 (Unity) ImportAsset
0x00007ff7325327f8 (Unity) AssetImportWorker::Import
0x00007ff732585b8a (Unity) <lambda_7448d646502792db0127dc89657ec83e>::operator()
0x00007ff73262a262 (Unity) asio::detail::completion_handler<core::mutable_function<void __cdecl(void)> >::do_complete
0x00007ff73262c3c0 (Unity) asio::detail::win_iocp_io_service::do_one
0x00007ff73262fb4e (Unity) asio::io_service::run
0x00007ff7325b29eb (Unity) RunAssetImportWorkerClientV2
0x00007ff7325b2a40 (Unity) RunAssetImporterV2
0x00007ff731a76616 (Unity) Application::InitializeProject
0x00007ff732421b22 (Unity) WinMain
0x00007ff7342792b6 (Unity) __scrt_common_main_seh
0x00007ffbd2fb54e0 (KERNEL32) BaseThreadInitThunk
0x00007ffbd414485b (ntdll) RtlUserThreadStart

Requesting import of Guid(45cb075e14a0f964a884e139f6830bc0) Importer(-1,00000000000000000000000000000000), Assets/LobbyUI.uxml from editor
Resuming Guid(45cb075e14a0f964a884e139f6830bc0) Importer(-1,00000000000000000000000000000000) -> 2b368e7eddd93e8d376a3e0649776dba 
Assertion failed on expression: 'state.state == kUpToDate'
Assertion failed on expression: 'state.artifactID == result'
 -> (artifact id: '98d7b06b45f02dcc0a0291b5c89371de') in 0.005346 seconds 
  Import took 0.010259 seconds .

========================================================================
Received Import Request.
  Time since last request: 230.071806 seconds.
  path: Assets/LobbyUI.uxml
  artifactKey: Guid(45cb075e14a0f964a884e139f6830bc0) Importer(815301076,1909f56bfc062723c751e8b465ee728b)
Start importing Assets/LobbyUI.uxml using Guid(45cb075e14a0f964a884e139f6830bc0) Importer(815301076,1909f56bfc062723c751e8b465ee728b) Diagnostics callstack to track who triggered the sub-import:
0x00007ff7325e66b2 (Unity) ImporterAssetResolver::ResolveAsset
0x00007ff7325b1cd2 (Unity) ResolveArtifactV2
0x00007ff7325d1690 (Unity) ImportToObjects
0x00007ff7325d0a98 (Unity) ImportAsset
0x00007ff7325327f8 (Unity) AssetImportWorker::Import
0x00007ff732585b8a (Unity) <lambda_7448d646502792db0127dc89657ec83e>::operator()
0x00007ff73262a262 (Unity) asio::detail::completion_handler<core::mutable_function<void __cdecl(void)> >::do_complete
0x00007ff73262c3c0 (Unity) asio::detail::win_iocp_io_service::do_one
0x00007ff73262fb4e (Unity) asio::io_service::run
0x00007ff7325b29eb (Unity) RunAssetImportWorkerClientV2
0x00007ff7325b2a40 (Unity) RunAssetImporterV2
0x00007ff731a76616 (Unity) Application::InitializeProject
0x00007ff732421b22 (Unity) WinMain
0x00007ff7342792b6 (Unity) __scrt_common_main_seh
0x00007ffbd2fb54e0 (KERNEL32) BaseThreadInitThunk
0x00007ffbd414485b (ntdll) RtlUserThreadStart

Requesting import of Guid(45cb075e14a0f964a884e139f6830bc0) Importer(-1,00000000000000000000000000000000), Assets/LobbyUI.uxml from editor
Resuming Guid(45cb075e14a0f964a884e139f6830bc0) Importer(-1,00000000000000000000000000000000) -> 2b368e7eddd93e8d376a3e0649776dba 
Assertion failed on expression: 'state.state == kUpToDate'
Assertion failed on expression: 'state.artifactID == result'
Diagnostics callstack to track who triggered the sub-import:
0x00007ff7325e66b2 (Unity) ImporterAssetResolver::ResolveAsset
0x00007ff7325b1cd2 (Unity) ResolveArtifactV2
0x00007ff7325a8a91 (Unity) ProduceArtifactV2
0x00007ff7324f77be (Unity) AssetDatabase::ProduceArtifact
0x00007ff7324dc968 (Unity) PreviewImporter::GenerateAssetData
0x00007ff7325d1a59 (Unity) ImportToObjects
0x00007ff7325d0a98 (Unity) ImportAsset
0x00007ff7325327f8 (Unity) AssetImportWorker::Import
0x00007ff732585b8a (Unity) <lambda_7448d646502792db0127dc89657ec83e>::operator()
0x00007ff73262a262 (Unity) asio::detail::completion_handler<core::mutable_function<void __cdecl(void)> >::do_complete
0x00007ff73262c3c0 (Unity) asio::detail::win_iocp_io_service::do_one
0x00007ff73262fb4e (Unity) asio::io_service::run
0x00007ff7325b29eb (Unity) RunAssetImportWorkerClientV2
0x00007ff7325b2a40 (Unity) RunAssetImporterV2
0x00007ff731a76616 (Unity) Application::InitializeProject
0x00007ff732421b22 (Unity) WinMain
0x00007ff7342792b6 (Unity) __scrt_common_main_seh
0x00007ffbd2fb54e0 (KERNEL32) BaseThreadInitThunk
0x00007ffbd414485b (ntdll) RtlUserThreadStart

Requesting import of Guid(45cb075e14a0f964a884e139f6830bc0) Importer(-1,00000000000000000000000000000000), Assets/LobbyUI.uxml from editor
Resuming Guid(45cb075e14a0f964a884e139f6830bc0) Importer(-1,00000000000000000000000000000000) -> 2b368e7eddd93e8d376a3e0649776dba 
Assertion failed on expression: 'state.state == kUpToDate'
Assertion failed on expression: 'state.artifactID == result'
 -> (artifact id: '98d7b06b45f02dcc0a0291b5c89371de') in 0.006757 seconds 
  Import took 0.014161 seconds .

========================================================================
Received Import Request.
  Time since last request: 0.000205 seconds.
  path: Assets/UI Documents
  artifactKey: Guid(668899797e4ca5540928f9eb130046b3) Importer(815301076,1909f56bfc062723c751e8b465ee728b)
Start importing Assets/UI Documents using Guid(668899797e4ca5540928f9eb130046b3) Importer(815301076,1909f56bfc062723c751e8b465ee728b)  -> (artifact id: 'df995c478301bed6e7df5d2f2cb201cf') in 0.013665 seconds 
  Import took 0.021900 seconds .

========================================================================
Received Import Request.
  Time since last request: 54.524946 seconds.
  path: Assets/UI.unity
  artifactKey: Guid(c66bc186c56b61347b8b2fcd984d39cb) Importer(815301076,1909f56bfc062723c751e8b465ee728b)
Start importing Assets/UI.unity using Guid(c66bc186c56b61347b8b2fcd984d39cb) Importer(815301076,1909f56bfc062723c751e8b465ee728b)  -> (artifact id: 'f4c427f1c9137d509b4dd68dfaf459cf') in 0.014092 seconds 
  Import took 0.021464 seconds .

========================================================================
Received Import Request.
  Time since last request: 38.414078 seconds.
  path: Assets/UI Documents/LobbyUI.uxml
  artifactKey: Guid(45cb075e14a0f964a884e139f6830bc0) Importer(815301076,1909f56bfc062723c751e8b465ee728b)
Start importing Assets/UI Documents/LobbyUI.uxml using Guid(45cb075e14a0f964a884e139f6830bc0) Importer(815301076,1909f56bfc062723c751e8b465ee728b) Diagnostics callstack to track who triggered the sub-import:
0x00007ff7325e66b2 (Unity) ImporterAssetResolver::ResolveAsset
0x00007ff7325b1cd2 (Unity) ResolveArtifactV2
0x00007ff7325d1690 (Unity) ImportToObjects
0x00007ff7325d0a98 (Unity) ImportAsset
0x00007ff7325327f8 (Unity) AssetImportWorker::Import
0x00007ff732585b8a (Unity) <lambda_7448d646502792db0127dc89657ec83e>::operator()
0x00007ff73262a262 (Unity) asio::detail::completion_handler<core::mutable_function<void __cdecl(void)> >::do_complete
0x00007ff73262c3c0 (Unity) asio::detail::win_iocp_io_service::do_one
0x00007ff73262fb4e (Unity) asio::io_service::run
0x00007ff7325b29eb (Unity) RunAssetImportWorkerClientV2
0x00007ff7325b2a40 (Unity) RunAssetImporterV2
0x00007ff731a76616 (Unity) Application::InitializeProject
0x00007ff732421b22 (Unity) WinMain
0x00007ff7342792b6 (Unity) __scrt_common_main_seh
0x00007ffbd2fb54e0 (KERNEL32) BaseThreadInitThunk
0x00007ffbd414485b (ntdll) RtlUserThreadStart

Requesting import of Guid(45cb075e14a0f964a884e139f6830bc0) Importer(-1,00000000000000000000000000000000), Assets/UI Documents/LobbyUI.uxml from editor
Resuming Guid(45cb075e14a0f964a884e139f6830bc0) Importer(-1,00000000000000000000000000000000) -> 2b368e7eddd93e8d376a3e0649776dba 
Assertion failed on expression: 'state.state == kUpToDate'
Assertion failed on expression: 'state.artifactID == result'
Diagnostics callstack to track who triggered the sub-import:
0x00007ff7325e66b2 (Unity) ImporterAssetResolver::ResolveAsset
0x00007ff7325b1cd2 (Unity) ResolveArtifactV2
0x00007ff7325a8a91 (Unity) ProduceArtifactV2
0x00007ff7324f77be (Unity) AssetDatabase::ProduceArtifact
0x00007ff7324dc968 (Unity) PreviewImporter::GenerateAssetData
0x00007ff7325d1a59 (Unity) ImportToObjects
0x00007ff7325d0a98 (Unity) ImportAsset
0x00007ff7325327f8 (Unity) AssetImportWorker::Import
0x00007ff732585b8a (Unity) <lambda_7448d646502792db0127dc89657ec83e>::operator()
0x00007ff73262a262 (Unity) asio::detail::completion_handler<core::mutable_function<void __cdecl(void)> >::do_complete
0x00007ff73262c3c0 (Unity) asio::detail::win_iocp_io_service::do_one
0x00007ff73262fb4e (Unity) asio::io_service::run
0x00007ff7325b29eb (Unity) RunAssetImportWorkerClientV2
0x00007ff7325b2a40 (Unity) RunAssetImporterV2
0x00007ff731a76616 (Unity) Application::InitializeProject
0x00007ff732421b22 (Unity) WinMain
0x00007ff7342792b6 (Unity) __scrt_common_main_seh
0x00007ffbd2fb54e0 (KERNEL32) BaseThreadInitThunk
0x00007ffbd414485b (ntdll) RtlUserThreadStart

Requesting import of Guid(45cb075e14a0f964a884e139f6830bc0) Importer(-1,00000000000000000000000000000000), Assets/UI Documents/LobbyUI.uxml from editor
Resuming Guid(45cb075e14a0f964a884e139f6830bc0) Importer(-1,00000000000000000000000000000000) -> 2b368e7eddd93e8d376a3e0649776dba 
Assertion failed on expression: 'state.state == kUpToDate'
Assertion failed on expression: 'state.artifactID == result'
 -> (artifact id: '98d7b06b45f02dcc0a0291b5c89371de') in 0.007118 seconds 
  Import took 0.014224 seconds .

========================================================================
Received Import Request.
  Time since last request: 32.677569 seconds.
  path: Assets/UI Documents/LobbyUI.uxml
  artifactKey: Guid(45cb075e14a0f964a884e139f6830bc0) Importer(815301076,1909f56bfc062723c751e8b465ee728b)
Start importing Assets/UI Documents/LobbyUI.uxml using Guid(45cb075e14a0f964a884e139f6830bc0) Importer(815301076,1909f56bfc062723c751e8b465ee728b) Diagnostics callstack to track who triggered the sub-import:
0x00007ff7325e66b2 (Unity) ImporterAssetResolver::ResolveAsset
0x00007ff7325b1cd2 (Unity) ResolveArtifactV2
0x00007ff7325d1690 (Unity) ImportToObjects
0x00007ff7325d0a98 (Unity) ImportAsset
0x00007ff7325327f8 (Unity) AssetImportWorker::Import
0x00007ff732585b8a (Unity) <lambda_7448d646502792db0127dc89657ec83e>::operator()
0x00007ff73262a262 (Unity) asio::detail::completion_handler<core::mutable_function<void __cdecl(void)> >::do_complete
0x00007ff73262c3c0 (Unity) asio::detail::win_iocp_io_service::do_one
0x00007ff73262fb4e (Unity) asio::io_service::run
0x00007ff7325b29eb (Unity) RunAssetImportWorkerClientV2
0x00007ff7325b2a40 (Unity) RunAssetImporterV2
0x00007ff731a76616 (Unity) Application::InitializeProject
0x00007ff732421b22 (Unity) WinMain
0x00007ff7342792b6 (Unity) __scrt_common_main_seh
0x00007ffbd2fb54e0 (KERNEL32) BaseThreadInitThunk
0x00007ffbd414485b (ntdll) RtlUserThreadStart

Requesting import of Guid(45cb075e14a0f964a884e139f6830bc0) Importer(-1,00000000000000000000000000000000), Assets/UI Documents/LobbyUI.uxml from editor
Resuming Guid(45cb075e14a0f964a884e139f6830bc0) Importer(-1,00000000000000000000000000000000) -> 2b368e7eddd93e8d376a3e0649776dba 
Assertion failed on expression: 'state.state == kUpToDate'
Assertion failed on expression: 'state.artifactID == result'
Diagnostics callstack to track who triggered the sub-import:
0x00007ff7325e66b2 (Unity) ImporterAssetResolver::ResolveAsset
0x00007ff7325b1cd2 (Unity) ResolveArtifactV2
0x00007ff7325a8a91 (Unity) ProduceArtifactV2
0x00007ff7324f77be (Unity) AssetDatabase::ProduceArtifact
0x00007ff7324dc968 (Unity) PreviewImporter::GenerateAssetData
0x00007ff7325d1a59 (Unity) ImportToObjects
0x00007ff7325d0a98 (Unity) ImportAsset
0x00007ff7325327f8 (Unity) AssetImportWorker::Import
0x00007ff732585b8a (Unity) <lambda_7448d646502792db0127dc89657ec83e>::operator()
0x00007ff73262a262 (Unity) asio::detail::completion_handler<core::mutable_function<void __cdecl(void)> >::do_complete
0x00007ff73262c3c0 (Unity) asio::detail::win_iocp_io_service::do_one
0x00007ff73262fb4e (Unity) asio::io_service::run
0x00007ff7325b29eb (Unity) RunAssetImportWorkerClientV2
0x00007ff7325b2a40 (Unity) RunAssetImporterV2
0x00007ff731a76616 (Unity) Application::InitializeProject
0x00007ff732421b22 (Unity) WinMain
0x00007ff7342792b6 (Unity) __scrt_common_main_seh
0x00007ffbd2fb54e0 (KERNEL32) BaseThreadInitThunk
0x00007ffbd414485b (ntdll) RtlUserThreadStart

Requesting import of Guid(45cb075e14a0f964a884e139f6830bc0) Importer(-1,00000000000000000000000000000000), Assets/UI Documents/LobbyUI.uxml from editor
Resuming Guid(45cb075e14a0f964a884e139f6830bc0) Importer(-1,00000000000000000000000000000000) -> 2b368e7eddd93e8d376a3e0649776dba 
Assertion failed on expression: 'state.state == kUpToDate'
Assertion failed on expression: 'state.artifactID == result'
 -> (artifact id: '98d7b06b45f02dcc0a0291b5c89371de') in 0.006657 seconds 
  Import took 0.013824 seconds .

========================================================================
Received Import Request.
  Time since last request: 119.157248 seconds.
  path: Assets/UI Toolkit/UnityThemes/UnityDefaultRuntimeTheme.tss
  artifactKey: Guid(61a5f26efe5ad704981fb4be951cba84) Importer(815301076,1909f56bfc062723c751e8b465ee728b)
Start importing Assets/UI Toolkit/UnityThemes/UnityDefaultRuntimeTheme.tss using Guid(61a5f26efe5ad704981fb4be951cba84) Importer(815301076,1909f56bfc062723c751e8b465ee728b)  -> (artifact id: 'c74d196e3cea35d8c8277e5949130efd') in 0.239086 seconds 
  Import took 0.247747 seconds .

========================================================================
Received Import Request.
  Time since last request: 7.760477 seconds.
  path: Packages/com.unity.ui/PackageResources/FontAssets/DynamicOSFontAssets/Localization/OSX/Hiragino Sans W3 SDF.asset
  artifactKey: Guid(2eb39e2dc0d8e5246829486aa0a3b34a) Importer(815301076,1909f56bfc062723c751e8b465ee728b)
Start importing Packages/com.unity.ui/PackageResources/FontAssets/DynamicOSFontAssets/Localization/OSX/Hiragino Sans W3 SDF.asset using Guid(2eb39e2dc0d8e5246829486aa0a3b34a) Importer(815301076,1909f56bfc062723c751e8b465ee728b)  -> (artifact id: '86d45f3dc8a9e091276bb863f6f67d95') in 0.181088 seconds 
  Import took 0.191391 seconds .

========================================================================
Received Import Request.
  Time since last request: 0.000332 seconds.
  path: Packages/com.unity.ui/PackageResources/FontAssets/DynamicOSFontAssets/Localization/Japanese - Win.asset
  artifactKey: Guid(80368c7ab22b64acdb490e60b7877c36) Importer(815301076,1909f56bfc062723c751e8b465ee728b)
Start importing Packages/com.unity.ui/PackageResources/FontAssets/DynamicOSFontAssets/Localization/Japanese - Win.asset using Guid(80368c7ab22b64acdb490e60b7877c36) Importer(815301076,1909f56bfc062723c751e8b465ee728b)  -> (artifact id: 'fc99bbda7ae5bac67bd7657718066d74') in 0.027859 seconds 
  Import took 0.034340 seconds .

========================================================================
Received Import Request.
  Time since last request: 0.000336 seconds.
  path: Packages/com.unity.ui/PackageResources/FontAssets/DynamicOSFontAssets/Localization/Japanese - Linux.asset
  artifactKey: Guid(4e1d0309b3c72490680c584052353fd2) Importer(815301076,1909f56bfc062723c751e8b465ee728b)
Start importing Packages/com.unity.ui/PackageResources/FontAssets/DynamicOSFontAssets/Localization/Japanese - Linux.asset using Guid(4e1d0309b3c72490680c584052353fd2) Importer(815301076,1909f56bfc062723c751e8b465ee728b)  -> (artifact id: '261f0745b21b0026e65bb33d880aaf35') in 0.026229 seconds 
  Import took 0.032764 seconds .

========================================================================
Received Import Request.
  Time since last request: 0.000386 seconds.
  path: Packages/com.unity.ui/PackageResources/Fonts/Inter/Inter-SemiBold SDF.asset
  artifactKey: Guid(3d9b898673c3142ba81f77f943606174) Importer(815301076,1909f56bfc062723c751e8b465ee728b)
Start importing Packages/com.unity.ui/PackageResources/Fonts/Inter/Inter-SemiBold SDF.asset using Guid(3d9b898673c3142ba81f77f943606174) Importer(815301076,1909f56bfc062723c751e8b465ee728b)  -> (artifact id: 'e4b392bbea35172fc712d4b3940d16d1') in 0.027955 seconds 
  Import took 0.033908 seconds .

========================================================================
Received Import Request.
  Time since last request: 0.000356 seconds.
  path: Packages/com.unity.ui/PackageResources/Fonts/Inter/Inter-Regular SDF.asset
  artifactKey: Guid(20e9f1f31c1cc4e6faf54fff6b4b58c1) Importer(815301076,1909f56bfc062723c751e8b465ee728b)
Start importing Packages/com.unity.ui/PackageResources/Fonts/Inter/Inter-Regular SDF.asset using Guid(20e9f1f31c1cc4e6faf54fff6b4b58c1) Importer(815301076,1909f56bfc062723c751e8b465ee728b)  -> (artifact id: 'e971d77fc03b2b01120e89298a98df29') in 0.054298 seconds 
  Import took 0.060347 seconds .

========================================================================
Received Import Request.
  Time since last request: 0.000308 seconds.
  path: Packages/com.unity.ui/PackageResources/FontAssets/DynamicOSFontAssets/Localization/OSX/Hiragino Sans W6 SDF.asset
  artifactKey: Guid(5e70acf8b314ecb44a3236ab256489ae) Importer(815301076,1909f56bfc062723c751e8b465ee728b)
Start importing Packages/com.unity.ui/PackageResources/FontAssets/DynamicOSFontAssets/Localization/OSX/Hiragino Sans W6 SDF.asset using Guid(5e70acf8b314ecb44a3236ab256489ae) Importer(815301076,1909f56bfc062723c751e8b465ee728b)  -> (artifact id: '5b13b3ebb5213b9edd38a4f7b1209b6b') in 0.022633 seconds 
  Import took 0.027300 seconds .

========================================================================
Received Import Request.
  Time since last request: 0.000299 seconds.
  path: Packages/com.unity.ui/PackageResources/FontAssets/DynamicOSFontAssets/Localization/Japanese - OSX.asset
  artifactKey: Guid(807ced87ff3f549caa8606947adb6e97) Importer(815301076,1909f56bfc062723c751e8b465ee728b)
Start importing Packages/com.unity.ui/PackageResources/FontAssets/DynamicOSFontAssets/Localization/Japanese - OSX.asset using Guid(807ced87ff3f549caa8606947adb6e97) Importer(815301076,1909f56bfc062723c751e8b465ee728b)  -> (artifact id: '2692352af06184fce1fd50e93c59e59d') in 0.021837 seconds 
  Import took 0.026643 seconds .

========================================================================
Received Import Request.
  Time since last request: 0.000300 seconds.
  path: Packages/com.unity.ui/PackageResources/Fonts/Inter/Inter-Italic SDF.asset
  artifactKey: Guid(ec9dcbd8e5d994f909f6a186dc09a65f) Importer(815301076,1909f56bfc062723c751e8b465ee728b)
Start importing Packages/com.unity.ui/PackageResources/Fonts/Inter/Inter-Italic SDF.asset using Guid(ec9dcbd8e5d994f909f6a186dc09a65f) Importer(815301076,1909f56bfc062723c751e8b465ee728b)  -> (artifact id: 'fa6b668e961aa640bac842e7e1b8fbd9') in 0.020738 seconds 
  Import took 0.025557 seconds .

========================================================================
Received Import Request.
  Time since last request: 0.000277 seconds.
  path: Packages/com.unity.ui/PackageResources/Fonts/Inter/Inter-SemiBoldItalic SDF.asset
  artifactKey: Guid(38491e2e0e663455cbc51fd3da3f356d) Importer(815301076,1909f56bfc062723c751e8b465ee728b)
Start importing Packages/com.unity.ui/PackageResources/Fonts/Inter/Inter-SemiBoldItalic SDF.asset using Guid(38491e2e0e663455cbc51fd3da3f356d) Importer(815301076,1909f56bfc062723c751e8b465ee728b)  -> (artifact id: '602f9ef986f58ebfb93d6a96acf2fb84') in 0.021011 seconds 
  Import took 0.026068 seconds .

========================================================================
Received Import Request.
  Time since last request: 0.000237 seconds.
  path: Packages/com.unity.ui/PackageResources/FontAssets/DynamicOSFontAssets/Localization/Korean - OSX.asset
  artifactKey: Guid(84590dc4411b74e98bd060587fe3f208) Importer(815301076,1909f56bfc062723c751e8b465ee728b)
Start importing Packages/com.unity.ui/PackageResources/FontAssets/DynamicOSFontAssets/Localization/Korean - OSX.asset using Guid(84590dc4411b74e98bd060587fe3f208) Importer(815301076,1909f56bfc062723c751e8b465ee728b)  -> (artifact id: '97ac3bc993b2f49d66f581b75bc86316') in 0.021955 seconds 
  Import took 0.027387 seconds .

========================================================================
Received Import Request.
  Time since last request: 0.000297 seconds.
  path: Packages/com.unity.ui/PackageResources/FontAssets/DynamicOSFontAssets/Localization/Korean - Linux.asset
  artifactKey: Guid(019dcbe0749864fdfbdffa3b6bae3bf3) Importer(815301076,1909f56bfc062723c751e8b465ee728b)
Start importing Packages/com.unity.ui/PackageResources/FontAssets/DynamicOSFontAssets/Localization/Korean - Linux.asset using Guid(019dcbe0749864fdfbdffa3b6bae3bf3) Importer(815301076,1909f56bfc062723c751e8b465ee728b)  -> (artifact id: '9cac580e256ffe61181dccb198ddbfef') in 0.022967 seconds 
  Import took 0.027971 seconds .

========================================================================
Received Import Request.
  Time since last request: 0.545429 seconds.
  path: Packages/com.unity.ui/PackageResources/FontAssets/DynamicOSFontAssets/Localization/Korean - Win.asset
  artifactKey: Guid(30f4986d72e6147ce8f62d6086bfe38c) Importer(815301076,1909f56bfc062723c751e8b465ee728b)
Start importing Packages/com.unity.ui/PackageResources/FontAssets/DynamicOSFontAssets/Localization/Korean - Win.asset using Guid(30f4986d72e6147ce8f62d6086bfe38c) Importer(815301076,1909f56bfc062723c751e8b465ee728b)  -> (artifact id: '62834f3ff5182debe4adf9940e237a22') in 0.086436 seconds 
  Import took 0.098219 seconds .

========================================================================
Received Import Request.
  Time since last request: 0.000367 seconds.
  path: Packages/com.unity.ui/PackageResources/FontAssets/DynamicOSFontAssets/GlobalFallback/OSX/LastResort SDF.asset
  artifactKey: Guid(13c3f493fddea4d4982a9b3685a74ca6) Importer(815301076,1909f56bfc062723c751e8b465ee728b)
Start importing Packages/com.unity.ui/PackageResources/FontAssets/DynamicOSFontAssets/GlobalFallback/OSX/LastResort SDF.asset using Guid(13c3f493fddea4d4982a9b3685a74ca6) Importer(815301076,1909f56bfc062723c751e8b465ee728b)  -> (artifact id: 'eb97a63cd5c47ad15deaf1c5d180c412') in 0.031362 seconds 
  Import took 0.039690 seconds .

========================================================================
Received Import Request.
  Time since last request: 1.137605 seconds.
  path: Packages/com.unity.ui/PackageResources/FontAssets/DynamicOSFontAssets/GlobalFallback/Linux/LiberationSans SDF.asset
  artifactKey: Guid(055a5cb9218924dd0b649868ba0ae52d) Importer(815301076,1909f56bfc062723c751e8b465ee728b)
Start importing Packages/com.unity.ui/PackageResources/FontAssets/DynamicOSFontAssets/GlobalFallback/Linux/LiberationSans SDF.asset using Guid(055a5cb9218924dd0b649868ba0ae52d) Importer(815301076,1909f56bfc062723c751e8b465ee728b)  -> (artifact id: 'b88c885a550302c8140c7357b1950da5') in 0.036700 seconds 
  Import took 0.044682 seconds .

========================================================================
Received Import Request.
  Time since last request: 0.000342 seconds.
  path: Packages/com.unity.ui/PackageResources/Fonts/Lucida Grande Bold SDF.asset
  artifactKey: Guid(8c141b3b4d8114d5ba66c75fe99280db) Importer(815301076,1909f56bfc062723c751e8b465ee728b)
Start importing Packages/com.unity.ui/PackageResources/Fonts/Lucida Grande Bold SDF.asset using Guid(8c141b3b4d8114d5ba66c75fe99280db) Importer(815301076,1909f56bfc062723c751e8b465ee728b) Shader error in 'Hidden/TextCore/Editor/Distance Field SSD': Couldn't open include file 'TextCore_Properties.cginc'. at line 60

Compiling Vertex program
Platform defines: SHADER_API_DESKTOP UNITY_COLORSPACE_GAMMA UNITY_ENABLE_DETAIL_NORMALMAP UNITY_ENABLE_REFLECTION_BUFFERS UNITY_LIGHTMAP_FULL_HDR UNITY_LIGHT_PROBE_PROXY_VOLUME UNITY_PBS_USE_BRDF1 UNITY_SPECCUBE_BLENDING UNITY_SPECCUBE_BOX_PROJECTION UNITY_USE_DITHER_MASK_FOR_ALPHABLENDED_SHADOWS
Disabled keywords: SHADER_API_GLES30 UNITY_ASTC_NORMALMAP_ENCODING UNITY_ENABLE_NATIVE_SHADOW_LOOKUPS UNITY_HALF_PRECISION_FRAGMENT_SHADER_REGISTERS UNITY_HARDWARE_TIER1 UNITY_HARDWARE_TIER2 UNITY_HARDWARE_TIER3 UNITY_LIGHTMAP_DLDR_ENCODING UNITY_LIGHTMAP_RGBM_ENCODING UNITY_METAL_SHADOWS_USE_POINT_FILTERING UNITY_NO_DXT5nm UNITY_NO_FULL_STANDARD_SHADER UNITY_NO_SCREENSPACE_SHADOWS UNITY_PBS_USE_BRDF2 UNITY_PBS_USE_BRDF3 UNITY_PRETRANSFORM_TO_DISPLAY_ORIENTATION UNITY_VIRTUAL_TEXTURING
Shader error in 'Hidden/TextCore/Editor/Distance Field SSD': Couldn't open include file 'TextCore_Properties.cginc'. at line 60

Compiling Vertex program
Platform defines: SHADER_API_DESKTOP UNITY_COLORSPACE_GAMMA UNITY_ENABLE_DETAIL_NORMALMAP UNITY_ENABLE_REFLECTION_BUFFERS UNITY_LIGHTMAP_FULL_HDR UNITY_LIGHT_PROBE_PROXY_VOLUME UNITY_PBS_USE_BRDF1 UNITY_SPECCUBE_BLENDING UNITY_SPECCUBE_BOX_PROJECTION UNITY_USE_DITHER_MASK_FOR_ALPHABLENDED_SHADOWS
Disabled keywords: SHADER_API_GLES30 UNITY_ASTC_NORMALMAP_ENCODING UNITY_ENABLE_NATIVE_SHADOW_LOOKUPS UNITY_HALF_PRECISION_FRAGMENT_SHADER_REGISTERS UNITY_HARDWARE_TIER1 UNITY_HARDWARE_TIER2 UNITY_HARDWARE_TIER3 UNITY_LIGHTMAP_DLDR_ENCODING UNITY_LIGHTMAP_RGBM_ENCODING UNITY_METAL_SHADOWS_USE_POINT_FILTERING UNITY_NO_DXT5nm UNITY_NO_FULL_STANDARD_SHADER UNITY_NO_SCREENSPACE_SHADOWS UNITY_PBS_USE_BRDF2 UNITY_PBS_USE_BRDF3 UNITY_PRETRANSFORM_TO_DISPLAY_ORIENTATION UNITY_VIRTUAL_TEXTURING
 -> (artifact id: 'fdf5323be47c78f4e32360cbbbc540c5') in 0.037210 seconds 
  Import took 0.044627 seconds .

========================================================================
Received Import Request.
  Time since last request: 0.000289 seconds.
  path: Packages/com.unity.ui/PackageResources/FontAssets/DynamicOSFontAssets/Localization/Windows/Malgun Gothic Bold SDF.asset
  artifactKey: Guid(1ffdf6bc7fe1545998decbd633c79a95) Importer(815301076,1909f56bfc062723c751e8b465ee728b)
Start importing Packages/com.unity.ui/PackageResources/FontAssets/DynamicOSFontAssets/Localization/Windows/Malgun Gothic Bold SDF.asset using Guid(1ffdf6bc7fe1545998decbd633c79a95) Importer(815301076,1909f56bfc062723c751e8b465ee728b)  -> (artifact id: 'c3af824982805c30aebeff6006e2fc5c') in 0.025514 seconds 
  Import took 0.033307 seconds .

========================================================================
Received Import Request.
  Time since last request: 0.000372 seconds.
  path: Packages/com.unity.ui/PackageResources/Fonts/Lucida Grande SDF.asset
  artifactKey: Guid(fe1b8eabc0eac40cb9b3113d56142175) Importer(815301076,1909f56bfc062723c751e8b465ee728b)
Start importing Packages/com.unity.ui/PackageResources/Fonts/Lucida Grande SDF.asset using Guid(fe1b8eabc0eac40cb9b3113d56142175) Importer(815301076,1909f56bfc062723c751e8b465ee728b) Shader error in 'Hidden/TextCore/Editor/Distance Field SSD': Couldn't open include file 'TextCore_Properties.cginc'. at line 60

Compiling Vertex program
Platform defines: SHADER_API_DESKTOP UNITY_COLORSPACE_GAMMA UNITY_ENABLE_DETAIL_NORMALMAP UNITY_ENABLE_REFLECTION_BUFFERS UNITY_LIGHTMAP_FULL_HDR UNITY_LIGHT_PROBE_PROXY_VOLUME UNITY_PBS_USE_BRDF1 UNITY_SPECCUBE_BLENDING UNITY_SPECCUBE_BOX_PROJECTION UNITY_USE_DITHER_MASK_FOR_ALPHABLENDED_SHADOWS
Disabled keywords: SHADER_API_GLES30 UNITY_ASTC_NORMALMAP_ENCODING UNITY_ENABLE_NATIVE_SHADOW_LOOKUPS UNITY_HALF_PRECISION_FRAGMENT_SHADER_REGISTERS UNITY_HARDWARE_TIER1 UNITY_HARDWARE_TIER2 UNITY_HARDWARE_TIER3 UNITY_LIGHTMAP_DLDR_ENCODING UNITY_LIGHTMAP_RGBM_ENCODING UNITY_METAL_SHADOWS_USE_POINT_FILTERING UNITY_NO_DXT5nm UNITY_NO_FULL_STANDARD_SHADER UNITY_NO_SCREENSPACE_SHADOWS UNITY_PBS_USE_BRDF2 UNITY_PBS_USE_BRDF3 UNITY_PRETRANSFORM_TO_DISPLAY_ORIENTATION UNITY_VIRTUAL_TEXTURING
Shader error in 'Hidden/TextCore/Editor/Distance Field SSD': Couldn't open include file 'TextCore_Properties.cginc'. at line 60

Compiling Vertex program
Platform defines: SHADER_API_DESKTOP UNITY_COLORSPACE_GAMMA UNITY_ENABLE_DETAIL_NORMALMAP UNITY_ENABLE_REFLECTION_BUFFERS UNITY_LIGHTMAP_FULL_HDR UNITY_LIGHT_PROBE_PROXY_VOLUME UNITY_PBS_USE_BRDF1 UNITY_SPECCUBE_BLENDING UNITY_SPECCUBE_BOX_PROJECTION UNITY_USE_DITHER_MASK_FOR_ALPHABLENDED_SHADOWS
Disabled keywords: SHADER_API_GLES30 UNITY_ASTC_NORMALMAP_ENCODING UNITY_ENABLE_NATIVE_SHADOW_LOOKUPS UNITY_HALF_PRECISION_FRAGMENT_SHADER_REGISTERS UNITY_HARDWARE_TIER1 UNITY_HARDWARE_TIER2 UNITY_HARDWARE_TIER3 UNITY_LIGHTMAP_DLDR_ENCODING UNITY_LIGHTMAP_RGBM_ENCODING UNITY_METAL_SHADOWS_USE_POINT_FILTERING UNITY_NO_DXT5nm UNITY_NO_FULL_STANDARD_SHADER UNITY_NO_SCREENSPACE_SHADOWS UNITY_PBS_USE_BRDF2 UNITY_PBS_USE_BRDF3 UNITY_PRETRANSFORM_TO_DISPLAY_ORIENTATION UNITY_VIRTUAL_TEXTURING
 -> (artifact id: '455e56e974c5b1dfd22a65f6485efc52') in 0.036346 seconds 
  Import took 0.043210 seconds .

========================================================================
Received Import Request.
  Time since last request: 0.558597 seconds.
  path: Packages/com.unity.ui/PackageResources/FontAssets/DynamicOSFontAssets/Localization/Windows/Malgun Gothic SDF.asset
  artifactKey: Guid(ef8d6d41314694a0a83d9fdfd54d70bf) Importer(815301076,1909f56bfc062723c751e8b465ee728b)
Start importing Packages/com.unity.ui/PackageResources/FontAssets/DynamicOSFontAssets/Localization/Windows/Malgun Gothic SDF.asset using Guid(ef8d6d41314694a0a83d9fdfd54d70bf) Importer(815301076,1909f56bfc062723c751e8b465ee728b)  -> (artifact id: 'a335f316292c688558cabadf82d311bd') in 0.030185 seconds 
  Import took 0.038473 seconds .

========================================================================
Received Import Request.
  Time since last request: 0.000348 seconds.
  path: Packages/com.unity.ui/PackageResources/FontAssets/DynamicOSFontAssets/Localization/Windows/Microsoft JhengHei Bold SDF.asset
  artifactKey: Guid(08cf27735ad36462f8aa92586a93d797) Importer(815301076,1909f56bfc062723c751e8b465ee728b)
Start importing Packages/com.unity.ui/PackageResources/FontAssets/DynamicOSFontAssets/Localization/Windows/Microsoft JhengHei Bold SDF.asset using Guid(08cf27735ad36462f8aa92586a93d797) Importer(815301076,1909f56bfc062723c751e8b465ee728b)  -> (artifact id: '17611a7900141170589d379fd73c0cff') in 0.025510 seconds 
  Import took 0.032943 seconds .

========================================================================
Received Import Request.
  Time since last request: 0.595090 seconds.
  path: Packages/com.unity.ui/PackageResources/FontAssets/DynamicOSFontAssets/Localization/Windows/Microsoft JhengHei SDF.asset
  artifactKey: Guid(89e3ae5dcad4c4f409080adefb11d2b3) Importer(815301076,1909f56bfc062723c751e8b465ee728b)
Start importing Packages/com.unity.ui/PackageResources/FontAssets/DynamicOSFontAssets/Localization/Windows/Microsoft JhengHei SDF.asset using Guid(89e3ae5dcad4c4f409080adefb11d2b3) Importer(815301076,1909f56bfc062723c751e8b465ee728b)  -> (artifact id: '5e3c7f0034e8c8b805b3d7ee26571791') in 0.034516 seconds 
  Import took 0.041288 seconds .

========================================================================
Received Import Request.
  Time since last request: 0.000229 seconds.
  path: Packages/com.unity.ui/PackageResources/FontAssets/DynamicOSFontAssets/Localization/OSX/Microsoft Sans Serif SDF.asset
  artifactKey: Guid(df820eedee7d846adb18ab4ec0e18cf4) Importer(815301076,1909f56bfc062723c751e8b465ee728b)
Start importing Packages/com.unity.ui/PackageResources/FontAssets/DynamicOSFontAssets/Localization/OSX/Microsoft Sans Serif SDF.asset using Guid(df820eedee7d846adb18ab4ec0e18cf4) Importer(815301076,1909f56bfc062723c751e8b465ee728b)  -> (artifact id: '31b7be795aac578abc1ff9f2005e84bb') in 0.022441 seconds 
  Import took 0.027418 seconds .

========================================================================
Received Import Request.
  Time since last request: 0.487998 seconds.
  path: Packages/com.unity.ui/PackageResources/FontAssets/DynamicOSFontAssets/GlobalFallback/Windows/Microsoft YaHei SDF.asset
  artifactKey: Guid(51558967ea70d417ca59d79e2aec503a) Importer(815301076,1909f56bfc062723c751e8b465ee728b)
Start importing Packages/com.unity.ui/PackageResources/FontAssets/DynamicOSFontAssets/GlobalFallback/Windows/Microsoft YaHei SDF.asset using Guid(51558967ea70d417ca59d79e2aec503a) Importer(815301076,1909f56bfc062723c751e8b465ee728b)  -> (artifact id: 'd69f4261f82f27530027cf766f408539') in 0.035311 seconds 
  Import took 0.043565 seconds .

========================================================================
Received Import Request.
  Time since last request: 0.000310 seconds.
  path: Packages/com.unity.ui/PackageResources/FontAssets/DynamicOSFontAssets/Localization/Windows/Microsoft YaHei UI Bold SDF.asset
  artifactKey: Guid(4d3decb3073504c1a89d04a7b17811d2) Importer(815301076,1909f56bfc062723c751e8b465ee728b)
Start importing Packages/com.unity.ui/PackageResources/FontAssets/DynamicOSFontAssets/Localization/Windows/Microsoft YaHei UI Bold SDF.asset using Guid(4d3decb3073504c1a89d04a7b17811d2) Importer(815301076,1909f56bfc062723c751e8b465ee728b)  -> (artifact id: '2ec420f22cacf6c3d807d45ada9b07ea') in 0.030810 seconds 
  Import took 0.039850 seconds .

========================================================================
Received Import Request.
  Time since last request: 0.405516 seconds.
  path: Packages/com.unity.ui/PackageResources/FontAssets/DynamicOSFontAssets/Localization/Windows/Microsoft YaHei UI SDF.asset
  artifactKey: Guid(3a384cde0145d47abb7b6c2790f51340) Importer(815301076,1909f56bfc062723c751e8b465ee728b)
Start importing Packages/com.unity.ui/PackageResources/FontAssets/DynamicOSFontAssets/Localization/Windows/Microsoft YaHei UI SDF.asset using Guid(3a384cde0145d47abb7b6c2790f51340) Importer(815301076,1909f56bfc062723c751e8b465ee728b)  -> (artifact id: '7d475d3254da5b7ea2ab4b53c5e6e49f') in 0.023058 seconds 
  Import took 0.028065 seconds .

========================================================================
Received Import Request.
  Time since last request: 0.000177 seconds.
  path: Packages/com.unity.ui/PackageResources/FontAssets/DynamicOSFontAssets/GlobalFallback/Windows/MS Gothic SDF.asset
  artifactKey: Guid(c861b22db069c46fca43a0c35ba88851) Importer(815301076,1909f56bfc062723c751e8b465ee728b)
Start importing Packages/com.unity.ui/PackageResources/FontAssets/DynamicOSFontAssets/GlobalFallback/Windows/MS Gothic SDF.asset using Guid(c861b22db069c46fca43a0c35ba88851) Importer(815301076,1909f56bfc062723c751e8b465ee728b)  -> (artifact id: 'dfd191bf71d0a9f746d8e989ff7c76c5') in 0.021434 seconds 
  Import took 0.026064 seconds .

========================================================================
Received Import Request.
  Time since last request: 0.277775 seconds.
  path: Packages/com.unity.ui/PackageResources/FontAssets/DynamicOSFontAssets/Localization/Linux/NotoSansCJKjp-Bold SDF.asset
  artifactKey: Guid(cf670e095ad2c441a83c8f65d618e054) Importer(815301076,1909f56bfc062723c751e8b465ee728b)
Start importing Packages/com.unity.ui/PackageResources/FontAssets/DynamicOSFontAssets/Localization/Linux/NotoSansCJKjp-Bold SDF.asset using Guid(cf670e095ad2c441a83c8f65d618e054) Importer(815301076,1909f56bfc062723c751e8b465ee728b)  -> (artifact id: '767be2fab3d7176fbf9a0a9427e940d6') in 0.033393 seconds 
  Import took 0.040733 seconds .

========================================================================
Received Import Request.
  Time since last request: 0.000569 seconds.
  path: Packages/com.unity.ui/PackageResources/FontAssets/DynamicOSFontAssets/Localization/Linux/NotoSansCJKjp-Regular SDF.asset
  artifactKey: Guid(8955d2cd88b5e45b9a51882c44451c67) Importer(815301076,1909f56bfc062723c751e8b465ee728b)
Start importing Packages/com.unity.ui/PackageResources/FontAssets/DynamicOSFontAssets/Localization/Linux/NotoSansCJKjp-Regular SDF.asset using Guid(8955d2cd88b5e45b9a51882c44451c67) Importer(815301076,1909f56bfc062723c751e8b465ee728b)  -> (artifact id: 'a3dddf20d6c8587598305be6d5d8f15f') in 0.024579 seconds 
  Import took 0.031379 seconds .

========================================================================
Received Import Request.
  Time since last request: 0.000314 seconds.
  path: Packages/com.unity.ui/PackageResources/FontAssets/DynamicOSFontAssets/Localization/Linux/NotoSansCJKkr-Bold SDF.asset
  artifactKey: Guid(e11964531ad4f40aa83d117e496a2fa0) Importer(815301076,1909f56bfc062723c751e8b465ee728b)
Start importing Packages/com.unity.ui/PackageResources/FontAssets/DynamicOSFontAssets/Localization/Linux/NotoSansCJKkr-Bold SDF.asset using Guid(e11964531ad4f40aa83d117e496a2fa0) Importer(815301076,1909f56bfc062723c751e8b465ee728b)  -> (artifact id: 'c2b552987d0fc3c86d2e43fc60bd830d') in 0.027206 seconds 
  Import took 0.033612 seconds .

========================================================================
Received Import Request.
  Time since last request: 0.000333 seconds.
  path: Packages/com.unity.ui/PackageResources/FontAssets/DynamicOSFontAssets/Localization/Linux/NotoSansCJKkr-Regular SDF.asset
  artifactKey: Guid(d53f9cc2cf8c441088a1f259f64789ae) Importer(815301076,1909f56bfc062723c751e8b465ee728b)
Start importing Packages/com.unity.ui/PackageResources/FontAssets/DynamicOSFontAssets/Localization/Linux/NotoSansCJKkr-Regular SDF.asset using Guid(d53f9cc2cf8c441088a1f259f64789ae) Importer(815301076,1909f56bfc062723c751e8b465ee728b)  -> (artifact id: 'caa0a968bfa68117bda6dd9cb1e75269') in 0.026420 seconds 
  Import took 0.031201 seconds .

========================================================================
Received Import Request.
  Time since last request: 0.197541 seconds.
  path: Packages/com.unity.ui/PackageResources/FontAssets/DynamicOSFontAssets/Localization/Linux/NotoSansCJKsc-Bold SDF.asset
  artifactKey: Guid(f9f0264425dca45439a36325106f5887) Importer(815301076,1909f56bfc062723c751e8b465ee728b)
Start importing Packages/com.unity.ui/PackageResources/FontAssets/DynamicOSFontAssets/Localization/Linux/NotoSansCJKsc-Bold SDF.asset using Guid(f9f0264425dca45439a36325106f5887) Importer(815301076,1909f56bfc062723c751e8b465ee728b)  -> (artifact id: '26f2437da9bbc16ff264c5a6a49f9966') in 0.031423 seconds 
  Import took 0.038829 seconds .

========================================================================
Received Import Request.
  Time since last request: 0.000253 seconds.
  path: Packages/com.unity.ui/PackageResources/FontAssets/DynamicOSFontAssets/Localization/Linux/NotoSansCJKsc-Regular SDF.asset
  artifactKey: Guid(aea3e877bd923425191d767b068f857b) Importer(815301076,1909f56bfc062723c751e8b465ee728b)
Start importing Packages/com.unity.ui/PackageResources/FontAssets/DynamicOSFontAssets/Localization/Linux/NotoSansCJKsc-Regular SDF.asset using Guid(aea3e877bd923425191d767b068f857b) Importer(815301076,1909f56bfc062723c751e8b465ee728b)  -> (artifact id: 'a2c9d4c412fb5caadd752e51ad553156') in 0.024452 seconds 
  Import took 0.030939 seconds .

========================================================================
Received Import Request.
  Time since last request: 0.000302 seconds.
  path: Packages/com.unity.ui/PackageResources/FontAssets/DynamicOSFontAssets/Localization/OSX/PingFang TC Medium SDF.asset
  artifactKey: Guid(7d0daec3d55d04ca2846e8bf3a699de1) Importer(815301076,1909f56bfc062723c751e8b465ee728b)
Start importing Packages/com.unity.ui/PackageResources/FontAssets/DynamicOSFontAssets/Localization/OSX/PingFang TC Medium SDF.asset using Guid(7d0daec3d55d04ca2846e8bf3a699de1) Importer(815301076,1909f56bfc062723c751e8b465ee728b)  -> (artifact id: '1354a2c61ad3f7474b3cc8ce6010dc0c') in 0.026474 seconds 
  Import took 0.031970 seconds .

========================================================================
Received Import Request.
  Time since last request: 0.000290 seconds.
  path: Packages/com.unity.ui/PackageResources/Fonts/RobotoMono/RobotoMono-BoldItalic SDF.asset
  artifactKey: Guid(8d4c61e44f18f4c8ab42ac6886559e2c) Importer(815301076,1909f56bfc062723c751e8b465ee728b)
Start importing Packages/com.unity.ui/PackageResources/Fonts/RobotoMono/RobotoMono-BoldItalic SDF.asset using Guid(8d4c61e44f18f4c8ab42ac6886559e2c) Importer(815301076,1909f56bfc062723c751e8b465ee728b) Shader error in 'Hidden/TextCore/Editor/Distance Field SSD': Couldn't open include file 'TextCore_Properties.cginc'. at line 60

Compiling Vertex program
Platform defines: SHADER_API_DESKTOP UNITY_COLORSPACE_GAMMA UNITY_ENABLE_DETAIL_NORMALMAP UNITY_ENABLE_REFLECTION_BUFFERS UNITY_LIGHTMAP_FULL_HDR UNITY_LIGHT_PROBE_PROXY_VOLUME UNITY_PBS_USE_BRDF1 UNITY_SPECCUBE_BLENDING UNITY_SPECCUBE_BOX_PROJECTION UNITY_USE_DITHER_MASK_FOR_ALPHABLENDED_SHADOWS
Disabled keywords: SHADER_API_GLES30 UNITY_ASTC_NORMALMAP_ENCODING UNITY_ENABLE_NATIVE_SHADOW_LOOKUPS UNITY_HALF_PRECISION_FRAGMENT_SHADER_REGISTERS UNITY_HARDWARE_TIER1 UNITY_HARDWARE_TIER2 UNITY_HARDWARE_TIER3 UNITY_LIGHTMAP_DLDR_ENCODING UNITY_LIGHTMAP_RGBM_ENCODING UNITY_METAL_SHADOWS_USE_POINT_FILTERING UNITY_NO_DXT5nm UNITY_NO_FULL_STANDARD_SHADER UNITY_NO_SCREENSPACE_SHADOWS UNITY_PBS_USE_BRDF2 UNITY_PBS_USE_BRDF3 UNITY_PRETRANSFORM_TO_DISPLAY_ORIENTATION UNITY_VIRTUAL_TEXTURING
Shader error in 'Hidden/TextCore/Editor/Distance Field SSD': Couldn't open include file 'TextCore_Properties.cginc'. at line 60

Compiling Vertex program
Platform defines: SHADER_API_DESKTOP UNITY_COLORSPACE_GAMMA UNITY_ENABLE_DETAIL_NORMALMAP UNITY_ENABLE_REFLECTION_BUFFERS UNITY_LIGHTMAP_FULL_HDR UNITY_LIGHT_PROBE_PROXY_VOLUME UNITY_PBS_USE_BRDF1 UNITY_SPECCUBE_BLENDING UNITY_SPECCUBE_BOX_PROJECTION UNITY_USE_DITHER_MASK_FOR_ALPHABLENDED_SHADOWS
Disabled keywords: SHADER_API_GLES30 UNITY_ASTC_NORMALMAP_ENCODING UNITY_ENABLE_NATIVE_SHADOW_LOOKUPS UNITY_HALF_PRECISION_FRAGMENT_SHADER_REGISTERS UNITY_HARDWARE_TIER1 UNITY_HARDWARE_TIER2 UNITY_HARDWARE_TIER3 UNITY_LIGHTMAP_DLDR_ENCODING UNITY_LIGHTMAP_RGBM_ENCODING UNITY_METAL_SHADOWS_USE_POINT_FILTERING UNITY_NO_DXT5nm UNITY_NO_FULL_STANDARD_SHADER UNITY_NO_SCREENSPACE_SHADOWS UNITY_PBS_USE_BRDF2 UNITY_PBS_USE_BRDF3 UNITY_PRETRANSFORM_TO_DISPLAY_ORIENTATION UNITY_VIRTUAL_TEXTURING
 -> (artifact id: 'c47ed0ac09600cd23762c764db627051') in 0.034679 seconds 
  Import took 0.040581 seconds .

========================================================================
Received Import Request.
  Time since last request: 0.000269 seconds.
  path: Packages/com.unity.ui/PackageResources/FontAssets/DynamicOSFontAssets/Localization/OSX/PingFang SC SDF.asset
  artifactKey: Guid(f2ec975c8e7c2439395c466152a0ae2b) Importer(815301076,1909f56bfc062723c751e8b465ee728b)
Start importing Packages/com.unity.ui/PackageResources/FontAssets/DynamicOSFontAssets/Localization/OSX/PingFang SC SDF.asset using Guid(f2ec975c8e7c2439395c466152a0ae2b) Importer(815301076,1909f56bfc062723c751e8b465ee728b)  -> (artifact id: '0663654ea62b3f7bdeb74bf983f5ffe9') in 0.023866 seconds 
  Import took 0.030047 seconds .

========================================================================
Received Import Request.
  Time since last request: 0.000234 seconds.
  path: Packages/com.unity.ui/PackageResources/FontAssets/DynamicOSFontAssets/Localization/Linux/NotoSansCJKtc-Bold SDF.asset
  artifactKey: Guid(83719432922344914a8cf6c646c3cb19) Importer(815301076,1909f56bfc062723c751e8b465ee728b)
Start importing Packages/com.unity.ui/PackageResources/FontAssets/DynamicOSFontAssets/Localization/Linux/NotoSansCJKtc-Bold SDF.asset using Guid(83719432922344914a8cf6c646c3cb19) Importer(815301076,1909f56bfc062723c751e8b465ee728b)  -> (artifact id: 'b245f7eede40f581272f9e375e9e38b4') in 0.027242 seconds 
  Import took 0.033929 seconds .

========================================================================
Received Import Request.
  Time since last request: 0.000224 seconds.
  path: Packages/com.unity.ui/PackageResources/FontAssets/DynamicOSFontAssets/Localization/OSX/PingFang TC SDF.asset
  artifactKey: Guid(c5d9465ad16f943259b8eb587c385edf) Importer(815301076,1909f56bfc062723c751e8b465ee728b)
Start importing Packages/com.unity.ui/PackageResources/FontAssets/DynamicOSFontAssets/Localization/OSX/PingFang TC SDF.asset using Guid(c5d9465ad16f943259b8eb587c385edf) Importer(815301076,1909f56bfc062723c751e8b465ee728b)  -> (artifact id: 'bb2050ab45152db60136665447bc5d3d') in 0.026482 seconds 
  Import took 0.032160 seconds .

========================================================================
Received Import Request.
  Time since last request: 0.000272 seconds.
  path: Packages/com.unity.ui/PackageResources/FontAssets/DynamicOSFontAssets/Localization/OSX/PingFang SC Medium SDF.asset
  artifactKey: Guid(3e53c72b9c3134b7c94b3b6aa0cf8eb3) Importer(815301076,1909f56bfc062723c751e8b465ee728b)
Start importing Packages/com.unity.ui/PackageResources/FontAssets/DynamicOSFontAssets/Localization/OSX/PingFang SC Medium SDF.asset using Guid(3e53c72b9c3134b7c94b3b6aa0cf8eb3) Importer(815301076,1909f56bfc062723c751e8b465ee728b)  -> (artifact id: '8e3070ad660159e0a96132f5549fec7e') in 0.028909 seconds 
  Import took 0.034995 seconds .

========================================================================
Received Import Request.
  Time since last request: 0.000288 seconds.
  path: Packages/com.unity.ui/PackageResources/Fonts/RobotoMono/RobotoMono-Bold SDF.asset
  artifactKey: Guid(9a4a18829d8274b72b5cfa779c3e90c7) Importer(815301076,1909f56bfc062723c751e8b465ee728b)
Start importing Packages/com.unity.ui/PackageResources/Fonts/RobotoMono/RobotoMono-Bold SDF.asset using Guid(9a4a18829d8274b72b5cfa779c3e90c7) Importer(815301076,1909f56bfc062723c751e8b465ee728b) Shader error in 'Hidden/TextCore/Editor/Distance Field SSD': Couldn't open include file 'TextCore_Properties.cginc'. at line 60

Compiling Vertex program
Platform defines: SHADER_API_DESKTOP UNITY_COLORSPACE_GAMMA UNITY_ENABLE_DETAIL_NORMALMAP UNITY_ENABLE_REFLECTION_BUFFERS UNITY_LIGHTMAP_FULL_HDR UNITY_LIGHT_PROBE_PROXY_VOLUME UNITY_PBS_USE_BRDF1 UNITY_SPECCUBE_BLENDING UNITY_SPECCUBE_BOX_PROJECTION UNITY_USE_DITHER_MASK_FOR_ALPHABLENDED_SHADOWS
Disabled keywords: SHADER_API_GLES30 UNITY_ASTC_NORMALMAP_ENCODING UNITY_ENABLE_NATIVE_SHADOW_LOOKUPS UNITY_HALF_PRECISION_FRAGMENT_SHADER_REGISTERS UNITY_HARDWARE_TIER1 UNITY_HARDWARE_TIER2 UNITY_HARDWARE_TIER3 UNITY_LIGHTMAP_DLDR_ENCODING UNITY_LIGHTMAP_RGBM_ENCODING UNITY_METAL_SHADOWS_USE_POINT_FILTERING UNITY_NO_DXT5nm UNITY_NO_FULL_STANDARD_SHADER UNITY_NO_SCREENSPACE_SHADOWS UNITY_PBS_USE_BRDF2 UNITY_PBS_USE_BRDF3 UNITY_PRETRANSFORM_TO_DISPLAY_ORIENTATION UNITY_VIRTUAL_TEXTURING
Shader error in 'Hidden/TextCore/Editor/Distance Field SSD': Couldn't open include file 'TextCore_Properties.cginc'. at line 60

Compiling Vertex program
Platform defines: SHADER_API_DESKTOP UNITY_COLORSPACE_GAMMA UNITY_ENABLE_DETAIL_NORMALMAP UNITY_ENABLE_REFLECTION_BUFFERS UNITY_LIGHTMAP_FULL_HDR UNITY_LIGHT_PROBE_PROXY_VOLUME UNITY_PBS_USE_BRDF1 UNITY_SPECCUBE_BLENDING UNITY_SPECCUBE_BOX_PROJECTION UNITY_USE_DITHER_MASK_FOR_ALPHABLENDED_SHADOWS
Disabled keywords: SHADER_API_GLES30 UNITY_ASTC_NORMALMAP_ENCODING UNITY_ENABLE_NATIVE_SHADOW_LOOKUPS UNITY_HALF_PRECISION_FRAGMENT_SHADER_REGISTERS UNITY_HARDWARE_TIER1 UNITY_HARDWARE_TIER2 UNITY_HARDWARE_TIER3 UNITY_LIGHTMAP_DLDR_ENCODING UNITY_LIGHTMAP_RGBM_ENCODING UNITY_METAL_SHADOWS_USE_POINT_FILTERING UNITY_NO_DXT5nm UNITY_NO_FULL_STANDARD_SHADER UNITY_NO_SCREENSPACE_SHADOWS UNITY_PBS_USE_BRDF2 UNITY_PBS_USE_BRDF3 UNITY_PRETRANSFORM_TO_DISPLAY_ORIENTATION UNITY_VIRTUAL_TEXTURING
 -> (artifact id: 'c8f611f0d690b1d33ef5f8d8712e8398') in 0.032793 seconds 
  Import took 0.039470 seconds .

========================================================================
Received Import Request.
  Time since last request: 0.000273 seconds.
  path: Packages/com.unity.ui/PackageResources/FontAssets/DynamicOSFontAssets/Localization/Linux/NotoSansCJKtc-Regular SDF.asset
  artifactKey: Guid(ee6bcb9b5a700448db79cad674b08d7a) Importer(815301076,1909f56bfc062723c751e8b465ee728b)
Start importing Packages/com.unity.ui/PackageResources/FontAssets/DynamicOSFontAssets/Localization/Linux/NotoSansCJKtc-Regular SDF.asset using Guid(ee6bcb9b5a700448db79cad674b08d7a) Importer(815301076,1909f56bfc062723c751e8b465ee728b)  -> (artifact id: '98487cca3acf1b9746fd0afada6ec8ab') in 0.021378 seconds 
  Import took 0.027438 seconds .

========================================================================
Received Import Request.
  Time since last request: 0.306947 seconds.
  path: Packages/com.unity.ui/PackageResources/Fonts/RobotoMono/RobotoMono-Italic SDF.asset
  artifactKey: Guid(f82d841aab6d7481e857be8cd3794da7) Importer(815301076,1909f56bfc062723c751e8b465ee728b)
Start importing Packages/com.unity.ui/PackageResources/Fonts/RobotoMono/RobotoMono-Italic SDF.asset using Guid(f82d841aab6d7481e857be8cd3794da7) Importer(815301076,1909f56bfc062723c751e8b465ee728b) Shader error in 'Hidden/TextCore/Editor/Distance Field SSD': Couldn't open include file 'TextCore_Properties.cginc'. at line 60

Compiling Vertex program
Platform defines: SHADER_API_DESKTOP UNITY_COLORSPACE_GAMMA UNITY_ENABLE_DETAIL_NORMALMAP UNITY_ENABLE_REFLECTION_BUFFERS UNITY_LIGHTMAP_FULL_HDR UNITY_LIGHT_PROBE_PROXY_VOLUME UNITY_PBS_USE_BRDF1 UNITY_SPECCUBE_BLENDING UNITY_SPECCUBE_BOX_PROJECTION UNITY_USE_DITHER_MASK_FOR_ALPHABLENDED_SHADOWS
Disabled keywords: SHADER_API_GLES30 UNITY_ASTC_NORMALMAP_ENCODING UNITY_ENABLE_NATIVE_SHADOW_LOOKUPS UNITY_HALF_PRECISION_FRAGMENT_SHADER_REGISTERS UNITY_HARDWARE_TIER1 UNITY_HARDWARE_TIER2 UNITY_HARDWARE_TIER3 UNITY_LIGHTMAP_DLDR_ENCODING UNITY_LIGHTMAP_RGBM_ENCODING UNITY_METAL_SHADOWS_USE_POINT_FILTERING UNITY_NO_DXT5nm UNITY_NO_FULL_STANDARD_SHADER UNITY_NO_SCREENSPACE_SHADOWS UNITY_PBS_USE_BRDF2 UNITY_PBS_USE_BRDF3 UNITY_PRETRANSFORM_TO_DISPLAY_ORIENTATION UNITY_VIRTUAL_TEXTURING
Shader error in 'Hidden/TextCore/Editor/Distance Field SSD': Couldn't open include file 'TextCore_Properties.cginc'. at line 60

Compiling Vertex program
Platform defines: SHADER_API_DESKTOP UNITY_COLORSPACE_GAMMA UNITY_ENABLE_DETAIL_NORMALMAP UNITY_ENABLE_REFLECTION_BUFFERS UNITY_LIGHTMAP_FULL_HDR UNITY_LIGHT_PROBE_PROXY_VOLUME UNITY_PBS_USE_BRDF1 UNITY_SPECCUBE_BLENDING UNITY_SPECCUBE_BOX_PROJECTION UNITY_USE_DITHER_MASK_FOR_ALPHABLENDED_SHADOWS
Disabled keywords: SHADER_API_GLES30 UNITY_ASTC_NORMALMAP_ENCODING UNITY_ENABLE_NATIVE_SHADOW_LOOKUPS UNITY_HALF_PRECISION_FRAGMENT_SHADER_REGISTERS UNITY_HARDWARE_TIER1 UNITY_HARDWARE_TIER2 UNITY_HARDWARE_TIER3 UNITY_LIGHTMAP_DLDR_ENCODING UNITY_LIGHTMAP_RGBM_ENCODING UNITY_METAL_SHADOWS_USE_POINT_FILTERING UNITY_NO_DXT5nm UNITY_NO_FULL_STANDARD_SHADER UNITY_NO_SCREENSPACE_SHADOWS UNITY_PBS_USE_BRDF2 UNITY_PBS_USE_BRDF3 UNITY_PRETRANSFORM_TO_DISPLAY_ORIENTATION UNITY_VIRTUAL_TEXTURING
 -> (artifact id: '065549c794f1c29319f16a61f2e28c49') in 0.034366 seconds 
  Import took 0.040634 seconds .

========================================================================
Received Import Request.
  Time since last request: 0.000247 seconds.
  path: Packages/com.unity.ui/PackageResources/FontAssets/DynamicOSFontAssets/Localization/Windows/Yu Gothic UI SDF.asset
  artifactKey: Guid(32c1cfcbd936149a0842b30d69087e47) Importer(815301076,1909f56bfc062723c751e8b465ee728b)
Start importing Packages/com.unity.ui/PackageResources/FontAssets/DynamicOSFontAssets/Localization/Windows/Yu Gothic UI SDF.asset using Guid(32c1cfcbd936149a0842b30d69087e47) Importer(815301076,1909f56bfc062723c751e8b465ee728b)  -> (artifact id: 'bafdb9d56a006e327954dd137fe34fbf') in 0.021040 seconds 
  Import took 0.025839 seconds .

========================================================================
Received Import Request.
  Time since last request: 0.000230 seconds.
  path: Packages/com.unity.ui/PackageResources/FontAssets/DynamicOSFontAssets/Localization/Windows/Yu Gothic UI Bold SDF.asset
  artifactKey: Guid(1e1a0babd63ba404a8e32da1cddfba1d) Importer(815301076,1909f56bfc062723c751e8b465ee728b)
Start importing Packages/com.unity.ui/PackageResources/FontAssets/DynamicOSFontAssets/Localization/Windows/Yu Gothic UI Bold SDF.asset using Guid(1e1a0babd63ba404a8e32da1cddfba1d) Importer(815301076,1909f56bfc062723c751e8b465ee728b)  -> (artifact id: 'ecfa8a27a2082db311428f04e4d542d8') in 0.021368 seconds 
  Import took 0.026139 seconds .

========================================================================
Received Import Request.
  Time since last request: 0.000254 seconds.
  path: Packages/com.unity.ui/PackageResources/Fonts/RobotoMono/RobotoMono-Regular SDF.asset
  artifactKey: Guid(6271a20c3ec584f5e99d3b1ccdf7fbe4) Importer(815301076,1909f56bfc062723c751e8b465ee728b)
Start importing Packages/com.unity.ui/PackageResources/Fonts/RobotoMono/RobotoMono-Regular SDF.asset using Guid(6271a20c3ec584f5e99d3b1ccdf7fbe4) Importer(815301076,1909f56bfc062723c751e8b465ee728b) Shader error in 'Hidden/TextCore/Editor/Distance Field SSD': Couldn't open include file 'TextCore_Properties.cginc'. at line 60

Compiling Vertex program
Platform defines: SHADER_API_DESKTOP UNITY_COLORSPACE_GAMMA UNITY_ENABLE_DETAIL_NORMALMAP UNITY_ENABLE_REFLECTION_BUFFERS UNITY_LIGHTMAP_FULL_HDR UNITY_LIGHT_PROBE_PROXY_VOLUME UNITY_PBS_USE_BRDF1 UNITY_SPECCUBE_BLENDING UNITY_SPECCUBE_BOX_PROJECTION UNITY_USE_DITHER_MASK_FOR_ALPHABLENDED_SHADOWS
Disabled keywords: SHADER_API_GLES30 UNITY_ASTC_NORMALMAP_ENCODING UNITY_ENABLE_NATIVE_SHADOW_LOOKUPS UNITY_HALF_PRECISION_FRAGMENT_SHADER_REGISTERS UNITY_HARDWARE_TIER1 UNITY_HARDWARE_TIER2 UNITY_HARDWARE_TIER3 UNITY_LIGHTMAP_DLDR_ENCODING UNITY_LIGHTMAP_RGBM_ENCODING UNITY_METAL_SHADOWS_USE_POINT_FILTERING UNITY_NO_DXT5nm UNITY_NO_FULL_STANDARD_SHADER UNITY_NO_SCREENSPACE_SHADOWS UNITY_PBS_USE_BRDF2 UNITY_PBS_USE_BRDF3 UNITY_PRETRANSFORM_TO_DISPLAY_ORIENTATION UNITY_VIRTUAL_TEXTURING
Shader error in 'Hidden/TextCore/Editor/Distance Field SSD': Couldn't open include file 'TextCore_Properties.cginc'. at line 60

Compiling Vertex program
Platform defines: SHADER_API_DESKTOP UNITY_COLORSPACE_GAMMA UNITY_ENABLE_DETAIL_NORMALMAP UNITY_ENABLE_REFLECTION_BUFFERS UNITY_LIGHTMAP_FULL_HDR UNITY_LIGHT_PROBE_PROXY_VOLUME UNITY_PBS_USE_BRDF1 UNITY_SPECCUBE_BLENDING UNITY_SPECCUBE_BOX_PROJECTION UNITY_USE_DITHER_MASK_FOR_ALPHABLENDED_SHADOWS
Disabled keywords: SHADER_API_GLES30 UNITY_ASTC_NORMALMAP_ENCODING UNITY_ENABLE_NATIVE_SHADOW_LOOKUPS UNITY_HALF_PRECISION_FRAGMENT_SHADER_REGISTERS UNITY_HARDWARE_TIER1 UNITY_HARDWARE_TIER2 UNITY_HARDWARE_TIER3 UNITY_LIGHTMAP_DLDR_ENCODING UNITY_LIGHTMAP_RGBM_ENCODING UNITY_METAL_SHADOWS_USE_POINT_FILTERING UNITY_NO_DXT5nm UNITY_NO_FULL_STANDARD_SHADER UNITY_NO_SCREENSPACE_SHADOWS UNITY_PBS_USE_BRDF2 UNITY_PBS_USE_BRDF3 UNITY_PRETRANSFORM_TO_DISPLAY_ORIENTATION UNITY_VIRTUAL_TEXTURING
 -> (artifact id: 'ce3c6865a0db4f21a81345fd894f75e2') in 0.028453 seconds 
  Import took 0.035158 seconds .

========================================================================
Received Import Request.
  Time since last request: 52.037884 seconds.
  path: Assets/UI Documents/LobbyUI.uxml
  artifactKey: Guid(45cb075e14a0f964a884e139f6830bc0) Importer(815301076,1909f56bfc062723c751e8b465ee728b)
Start importing Assets/UI Documents/LobbyUI.uxml using Guid(45cb075e14a0f964a884e139f6830bc0) Importer(815301076,1909f56bfc062723c751e8b465ee728b) Diagnostics callstack to track who triggered the sub-import:
0x00007ff7325e66b2 (Unity) ImporterAssetResolver::ResolveAsset
0x00007ff7325b1cd2 (Unity) ResolveArtifactV2
0x00007ff7325d1690 (Unity) ImportToObjects
0x00007ff7325d0a98 (Unity) ImportAsset
0x00007ff7325327f8 (Unity) AssetImportWorker::Import
0x00007ff732585b8a (Unity) <lambda_7448d646502792db0127dc89657ec83e>::operator()
0x00007ff73262a262 (Unity) asio::detail::completion_handler<core::mutable_function<void __cdecl(void)> >::do_complete
0x00007ff73262c3c0 (Unity) asio::detail::win_iocp_io_service::do_one
0x00007ff73262fb4e (Unity) asio::io_service::run
0x00007ff7325b29eb (Unity) RunAssetImportWorkerClientV2
0x00007ff7325b2a40 (Unity) RunAssetImporterV2
0x00007ff731a76616 (Unity) Application::InitializeProject
0x00007ff732421b22 (Unity) WinMain
0x00007ff7342792b6 (Unity) __scrt_common_main_seh
0x00007ffbd2fb54e0 (KERNEL32) BaseThreadInitThunk
0x00007ffbd414485b (ntdll) RtlUserThreadStart

Requesting import of Guid(45cb075e14a0f964a884e139f6830bc0) Importer(-1,00000000000000000000000000000000), Assets/UI Documents/LobbyUI.uxml from editor
Resuming Guid(45cb075e14a0f964a884e139f6830bc0) Importer(-1,00000000000000000000000000000000) -> 2b368e7eddd93e8d376a3e0649776dba 
Assertion failed on expression: 'state.state == kUpToDate'
Assertion failed on expression: 'state.artifactID == result'
Diagnostics callstack to track who triggered the sub-import:
0x00007ff7325e66b2 (Unity) ImporterAssetResolver::ResolveAsset
0x00007ff7325b1cd2 (Unity) ResolveArtifactV2
0x00007ff7325a8a91 (Unity) ProduceArtifactV2
0x00007ff7324f77be (Unity) AssetDatabase::ProduceArtifact
0x00007ff7324dc968 (Unity) PreviewImporter::GenerateAssetData
0x00007ff7325d1a59 (Unity) ImportToObjects
0x00007ff7325d0a98 (Unity) ImportAsset
0x00007ff7325327f8 (Unity) AssetImportWorker::Import
0x00007ff732585b8a (Unity) <lambda_7448d646502792db0127dc89657ec83e>::operator()
0x00007ff73262a262 (Unity) asio::detail::completion_handler<core::mutable_function<void __cdecl(void)> >::do_complete
0x00007ff73262c3c0 (Unity) asio::detail::win_iocp_io_service::do_one
0x00007ff73262fb4e (Unity) asio::io_service::run
0x00007ff7325b29eb (Unity) RunAssetImportWorkerClientV2
0x00007ff7325b2a40 (Unity) RunAssetImporterV2
0x00007ff731a76616 (Unity) Application::InitializeProject
0x00007ff732421b22 (Unity) WinMain
0x00007ff7342792b6 (Unity) __scrt_common_main_seh
0x00007ffbd2fb54e0 (KERNEL32) BaseThreadInitThunk
0x00007ffbd414485b (ntdll) RtlUserThreadStart

Requesting import of Guid(45cb075e14a0f964a884e139f6830bc0) Importer(-1,00000000000000000000000000000000), Assets/UI Documents/LobbyUI.uxml from editor
Resuming Guid(45cb075e14a0f964a884e139f6830bc0) Importer(-1,00000000000000000000000000000000) -> 2b368e7eddd93e8d376a3e0649776dba 
Assertion failed on expression: 'state.state == kUpToDate'
Assertion failed on expression: 'state.artifactID == result'
 -> (artifact id: '98d7b06b45f02dcc0a0291b5c89371de') in 0.011358 seconds 
  Import took 0.016716 seconds .

AssetImportWorkerClient::OnTransportError - code=2 error=End of file
